
Testing on data:
('out:    ', '[0.033 ]')
('correct:', '[0     ]')
error:  0.00054141
('out:    ', '[0.027 ]')
('correct:', '[0     ]')
error:  0.00036361
('out:    ', '[0.039 ]')
('correct:', '[0     ]')
error:  0.00075352
('out:    ', '[0.045 ]')
('correct:', '[0     ]')
error:  0.00100276
('out:    ', '[0.034 ]')
('correct:', '[0     ]')
error:  0.00058435
('out:    ', '[0.032 ]')
('correct:', '[0     ]')
error:  0.00051392
('out:    ', '[0.083 ]')
('correct:', '[0     ]')
error:  0.00346907
('out:    ', '[0.039 ]')
('correct:', '[0     ]')
error:  0.00076562
('out:    ', '[0.054 ]')
('correct:', '[0     ]')
error:  0.00143473
('out:    ', '[0.042 ]')
('correct:', '[0     ]')
error:  0.00086967
('out:    ', '[0.049 ]')
('correct:', '[0     ]')
error:  0.00121830
('out:    ', '[0.029 ]')
('correct:', '[0     ]')
error:  0.00040974
('out:    ', '[0.04  ]')
('correct:', '[0     ]')
error:  0.00080539
('out:    ', '[0.028 ]')
('correct:', '[0     ]')
error:  0.00038517
('out:    ', '[0.035 ]')
('correct:', '[0     ]')
error:  0.00060817
('out:    ', '[1.173 ]')
('correct:', '[1     ]')
error:  0.01491762
('out:    ', '[1.242 ]')
('correct:', '[1     ]')
error:  0.02925363
('out:    ', '[1.404 ]')
('correct:', '[1     ]')
error:  0.08153022
('out:    ', '[0.986 ]')
('correct:', '[1     ]')
error:  0.00010434
('out:    ', '[1.218 ]')
('correct:', '[1     ]')
error:  0.02375171
('out:    ', '[1.287 ]')
('correct:', '[1     ]')
error:  0.04129675
('out:    ', '[1.253 ]')
('correct:', '[1     ]')
error:  0.03201703
('out:    ', '[1.031 ]')
('correct:', '[1     ]')
error:  0.00046602
('out:    ', '[0.792 ]')
('correct:', '[1     ]')
error:  0.02161288
('out:    ', '[1.199 ]')
('correct:', '[1     ]')
error:  0.01981753
('out:    ', '[0.937 ]')
('correct:', '[1     ]')
error:  0.00195928
('out:    ', '[1.075 ]')
('correct:', '[1     ]')
error:  0.00282776
('out:    ', '[1.048 ]')
('correct:', '[1     ]')
error:  0.00115531
('out:    ', '[0.626 ]')
('correct:', '[1     ]')
error:  0.06997791
('out:    ', '[1.077 ]')
('correct:', '[1     ]')
error:  0.00294046
('out:    ', '[2.104 ]')
('correct:', '[2     ]')
error:  0.00537474
('out:    ', '[2.05  ]')
('correct:', '[2     ]')
error:  0.00124769
('out:    ', '[1.848 ]')
('correct:', '[2     ]')
error:  0.01160518
('out:    ', '[1.674 ]')
('correct:', '[2     ]')
error:  0.05329350
('out:    ', '[1.919 ]')
('correct:', '[2     ]')
error:  0.00325223
('out:    ', '[2.083 ]')
('correct:', '[2     ]')
error:  0.00342088
('out:    ', '[1.927 ]')
('correct:', '[2     ]')
error:  0.00267138
('out:    ', '[1.951 ]')
('correct:', '[2     ]')
error:  0.00120417
('out:    ', '[2.083 ]')
('correct:', '[2     ]')
error:  0.00346353
('out:    ', '[2.092 ]')
('correct:', '[2     ]')
error:  0.00422974
('out:    ', '[1.993 ]')
('correct:', '[2     ]')
error:  0.00002456
('out:    ', '[1.939 ]')
('correct:', '[2     ]')
error:  0.00187006
('out:    ', '[1.879 ]')
('correct:', '[2     ]')
error:  0.00733863
('out:    ', '[1.979 ]')
('correct:', '[2     ]')
error:  0.00021824
('out:    ', '[1.799 ]')
('correct:', '[2     ]')
error:  0.02021131
('All errors:', [0.0005414090003750059, 0.00036360502961191, 0.0007535232244848455, 0.001002756195048843, 0.0005843481377880197, 0.0005139172694804728, 0.003469074166608547, 0.0007656154867931302, 0.0014347274121322914, 0.0008696667715694858, 0.0012182988590959249, 0.0004097365886269048, 0.0008053905384236306, 0.0003851659720528791, 0.0006081664530766616, 0.0149176188507169, 0.029253628422365213, 0.08153022102137865, 0.00010434311639305108, 0.023751711830947115, 0.04129674897054009, 0.032017034329781924, 0.0004660156353584659, 0.021612880717598773, 0.019817525174032583, 0.001959284822113075, 0.0028277559871382227, 0.0011553073807303426, 0.06997790691367113, 0.0029404649932568937, 0.005374739961556497, 0.0012476948732022823, 0.011605175013753454, 0.05329349500673209, 0.003252231451907573, 0.0034208760913000524, 0.002671382845918566, 0.0012041664956502437, 0.00346353251990357, 0.004229741241936064, 2.45605290121765e-05, 0.001870057534481552, 0.007338633601897218, 0.00021824423309971632, 0.020211305655127913])
('Average error:', 0.010595104140592665)
('Max error:', 0.08153022102137865, 'Median error:', 0.001959284822113075)
